<?xml version="1.0" encoding="UTF-8"?>
<testsuite xmlns:xsi="http://www.w3.org/2001/XMLSchema-instance" xsi:noNamespaceSchemaLocation="https://maven.apache.org/surefire/maven-surefire-plugin/xsd/surefire-test-report.xsd" version="3.0.2" name="com.alzheimer.Gateway_Service.GatewayServiceApplicationTests" time="40.004" tests="1" errors="0" skipped="0" failures="0">
  <properties>
[...]
</properties>
  <testcase name="contextLoads" classname="com.alzheimer.Gateway_Service.GatewayServiceApplicationTests" time="4.239">
    <system-out><![CDATA[15:59:25.215 [main] INFO org.springframework.test.context.support.AnnotationConfigContextLoaderUtils -- Could not detect default configuration classes for test class [com.alzheimer.Gateway_Service.GatewayServiceApplicationTests]: GatewayServiceApplicationTests does not declare any static, non-private, non-final, nested classes annotated with @Configuration.
15:59:26.587 [main] INFO org.springframework.boot.test.context.SpringBootTestContextBootstrapper -- Found @SpringBootConfiguration com.alzheimer.Gateway_Service.GatewayServiceApplication for test class com.alzheimer.Gateway_Service.GatewayServiceApplicationTests

  .   ____          _            __ _ _
 /\\ / ___'_ __ _ _(_)_ __  __ _ \ \ \ \
( ( )\___ | '_ | '_| | '_ \/ _` | \ \ \ \
 \\/  ___)| |_)| | | | | || (_| |  ) ) ) )
  '  |____| .__|_| |_|_| |_\__, | / / / /
 =========|_|==============|___/=/_/_/_/

 :: Spring Boot ::                (v4.0.2)

2026-02-25T15:59:34.731+01:00  INFO 23432 --- [Gateway-Service] [           main] c.a.G.GatewayServiceApplicationTests     : Starting GatewayServiceApplicationTests using Java 21.0.1 with PID 23432 (started by HP in C:\FakarniApp\backend\Gateway-Service)
2026-02-25T15:59:34.736+01:00  INFO 23432 --- [Gateway-Service] [           main] c.a.G.GatewayServiceApplicationTests     : No active profile set, falling back to 1 default profile: "default"
2026-02-25T15:59:39.090+01:00  INFO 23432 --- [Gateway-Service] [           main] o.s.cloud.context.scope.GenericScope     : BeanFactory id=5ca0bf10-3eda-3788-bd19-34693f0eb178
2026-02-25T15:59:43.169+01:00  INFO 23432 --- [Gateway-Service] [           main] o.s.cloud.commons.util.InetUtils         : Cannot determine local hostname
2026-02-25T15:59:49.807+01:00  INFO 23432 --- [Gateway-Service] [           main] o.s.c.g.r.RouteDefinitionRouteLocator    : Loaded RoutePredicateFactory [After]
2026-02-25T15:59:49.808+01:00  INFO 23432 --- [Gateway-Service] [           main] o.s.c.g.r.RouteDefinitionRouteLocator    : Loaded RoutePredicateFactory [Before]
2026-02-25T15:59:49.808+01:00  INFO 23432 --- [Gateway-Service] [           main] o.s.c.g.r.RouteDefinitionRouteLocator    : Loaded RoutePredicateFactory [Between]
2026-02-25T15:59:49.808+01:00  INFO 23432 --- [Gateway-Service] [           main] o.s.c.g.r.RouteDefinitionRouteLocator    : Loaded RoutePredicateFactory [Cookie]
2026-02-25T15:59:49.808+01:00  INFO 23432 --- [Gateway-Service] [           main] o.s.c.g.r.RouteDefinitionRouteLocator    : Loaded RoutePredicateFactory [Header]
2026-02-25T15:59:49.809+01:00  INFO 23432 --- [Gateway-Service] [           main] o.s.c.g.r.RouteDefinitionRouteLocator    : Loaded RoutePredicateFactory [Host]
2026-02-25T15:59:49.809+01:00  INFO 23432 --- [Gateway-Service] [           main] o.s.c.g.r.RouteDefinitionRouteLocator    : Loaded RoutePredicateFactory [Method]
2026-02-25T15:59:49.809+01:00  INFO 23432 --- [Gateway-Service] [           main] o.s.c.g.r.RouteDefinitionRouteLocator    : Loaded RoutePredicateFactory [Path]
2026-02-25T15:59:49.819+01:00  INFO 23432 --- [Gateway-Service] [           main] o.s.c.g.r.RouteDefinitionRouteLocator    : Loaded RoutePredicateFactory [Query]
2026-02-25T15:59:49.819+01:00  INFO 23432 --- [Gateway-Service] [           main] o.s.c.g.r.RouteDefinitionRouteLocator    : Loaded RoutePredicateFactory [ReadBody]
2026-02-25T15:59:49.820+01:00  INFO 23432 --- [Gateway-Service] [           main] o.s.c.g.r.RouteDefinitionRouteLocator    : Loaded RoutePredicateFactory [RemoteAddr]
2026-02-25T15:59:49.820+01:00  INFO 23432 --- [Gateway-Service] [           main] o.s.c.g.r.RouteDefinitionRouteLocator    : Loaded RoutePredicateFactory [Version]
2026-02-25T15:59:49.820+01:00  INFO 23432 --- [Gateway-Service] [           main] o.s.c.g.r.RouteDefinitionRouteLocator    : Loaded RoutePredicateFactory [XForwardedRemoteAddr]
2026-02-25T15:59:49.821+01:00  INFO 23432 --- [Gateway-Service] [           main] o.s.c.g.r.RouteDefinitionRouteLocator    : Loaded RoutePredicateFactory [Weight]
2026-02-25T15:59:49.821+01:00  INFO 23432 --- [Gateway-Service] [           main] o.s.c.g.r.RouteDefinitionRouteLocator    : Loaded RoutePredicateFactory [CloudFoundryRouteService]
2026-02-25T15:59:51.703+01:00  INFO 23432 --- [Gateway-Service] [           main] o.s.cloud.commons.util.InetUtils         : Cannot determine local hostname
2026-02-25T15:59:51.813+01:00  INFO 23432 --- [Gateway-Service] [           main] DiscoveryClientOptionalArgsConfiguration : Eureka HTTP Client uses RestClient.
2026-02-25T15:59:53.635+01:00  INFO 23432 --- [Gateway-Service] [           main] o.s.cloud.commons.util.InetUtils         : Cannot determine local hostname
2026-02-25T15:59:53.941+01:00  WARN 23432 --- [Gateway-Service] [           main] iguration$LoadBalancerCaffeineWarnLogger : Spring Cloud LoadBalancer is currently working with the default cache. While this cache implementation is useful for development and tests, it's recommended to use Caffeine cache in production.You can switch to using Caffeine cache, by adding it and org.springframework.cache.caffeine.CaffeineCacheManager to the classpath.
2026-02-25T15:59:54.269+01:00  INFO 23432 --- [Gateway-Service] [           main] o.s.c.n.eureka.InstanceInfoFactory       : Setting initial instance status as: STARTING
2026-02-25T15:59:54.484+01:00  INFO 23432 --- [Gateway-Service] [           main] com.netflix.discovery.DiscoveryClient    : Initializing Eureka in region us-east-1
2026-02-25T15:59:54.509+01:00  INFO 23432 --- [Gateway-Service] [           main] c.n.d.s.r.aws.ConfigClusterResolver      : Resolving eureka endpoints via configuration
2026-02-25T15:59:54.568+01:00  INFO 23432 --- [Gateway-Service] [           main] com.netflix.discovery.DiscoveryClient    : Disable delta property : false
2026-02-25T15:59:54.568+01:00  INFO 23432 --- [Gateway-Service] [           main] com.netflix.discovery.DiscoveryClient    : Single vip registry refresh property : null
2026-02-25T15:59:54.568+01:00  INFO 23432 --- [Gateway-Service] [           main] com.netflix.discovery.DiscoveryClient    : Force full registry fetch : false
2026-02-25T15:59:54.569+01:00  INFO 23432 --- [Gateway-Service] [           main] com.netflix.discovery.DiscoveryClient    : Application is null : false
2026-02-25T15:59:54.569+01:00  INFO 23432 --- [Gateway-Service] [           main] com.netflix.discovery.DiscoveryClient    : Registered Applications size is zero : true
2026-02-25T15:59:54.569+01:00  INFO 23432 --- [Gateway-Service] [           main] com.netflix.discovery.DiscoveryClient    : Application version is -1: true
2026-02-25T15:59:54.569+01:00  INFO 23432 --- [Gateway-Service] [           main] com.netflix.discovery.DiscoveryClient    : Getting all instance registry info from the eureka server
2026-02-25T15:59:57.998+01:00  INFO 23432 --- [Gateway-Service] [           main] com.netflix.discovery.DiscoveryClient    : The response status is 200
2026-02-25T15:59:58.006+01:00  INFO 23432 --- [Gateway-Service] [           main] com.netflix.discovery.DiscoveryClient    : Starting heartbeat executor: renew interval is: 30
2026-02-25T15:59:58.013+01:00  INFO 23432 --- [Gateway-Service] [           main] c.n.discovery.InstanceInfoReplicator     : InstanceInfoReplicator onDemand update allowed rate per min is 4
2026-02-25T15:59:58.018+01:00  INFO 23432 --- [Gateway-Service] [           main] com.netflix.discovery.DiscoveryClient    : Discovery Client initialized at timestamp 1772031598014 with initial instances count: 1
2026-02-25T15:59:58.037+01:00  INFO 23432 --- [Gateway-Service] [           main] o.s.c.n.e.s.EurekaServiceRegistry        : Registering application GATEWAY-SERVICE with eureka with status UP
2026-02-25T15:59:58.039+01:00  INFO 23432 --- [Gateway-Service] [           main] com.netflix.discovery.DiscoveryClient    : Saw local status change event StatusChangeEvent [timestamp=1772031598039, current=UP, previous=STARTING]
2026-02-25T15:59:58.047+01:00  INFO 23432 --- [Gateway-Service] [foReplicator-%d] com.netflix.discovery.DiscoveryClient    : DiscoveryClient_GATEWAY-SERVICE/localhost:Gateway-Service:8090: registering service...
2026-02-25T15:59:58.293+01:00  INFO 23432 --- [Gateway-Service] [           main] c.a.G.GatewayServiceApplicationTests     : Started GatewayServiceApplicationTests in 25.831 seconds (process running for 38.614)
2026-02-25T15:59:58.301+01:00  INFO 23432 --- [Gateway-Service] [foReplicator-%d] com.netflix.discovery.DiscoveryClient    : DiscoveryClient_GATEWAY-SERVICE/localhost:Gateway-Service:8090 - registration status: 204
]]></system-out>
    <system-err><![CDATA[Mockito is currently self-attaching to enable the inline-mock-maker. This will no longer work in future releases of the JDK. Please add Mockito as an agent to your build as described in Mockito's documentation: https://javadoc.io/doc/org.mockito/mockito-core/latest/org.mockito/org/mockito/Mockito.html#0.3
WARNING: A Java agent has been loaded dynamically (C:\Users\HP\.m2\repository\net\bytebuddy\byte-buddy-agent\1.17.8\byte-buddy-agent-1.17.8.jar)
WARNING: If a serviceability tool is in use, please run with -XX:+EnableDynamicAgentLoading to hide this warning
WARNING: If a serviceability tool is not in use, please run with -Djdk.instrument.traceUsage for more information
WARNING: Dynamic loading of agents will be disallowed by default in a future release
]]></system-err>
  </testcase>
</testsuite>